
Pipeline: bruin-init (../..)
  No issues found

✓ Successfully validated 3 assets across 1 pipeline, all good.

Interval: 2026-03-09T00:00:00Z - 2026-03-09T23:59:59Z

Starting the pipeline execution...

[07:17:42] Running:  dataset.player_stats
[07:17:42] Finished: dataset.player_stats (47ms)
[07:17:42] Running:  dataset.player_stats:custom-check:row_count_is_greater_than_zero
[07:17:42] Running:  dataset.player_stats:name:unique
[07:17:42] Running:  dataset.player_stats:name:not_null
[07:17:42] Running:  dataset.player_stats:player_count:not_null
[07:17:42] Running:  dataset.player_stats:player_count:positive
[07:17:42] Finished: dataset.player_stats:custom-check:row_count_is_greater_than_zero (14ms)
[07:17:42] Finished: dataset.player_stats:name:not_null (28ms)
[07:17:42] Finished: dataset.player_stats:name:unique (51ms)
[07:17:42] Finished: dataset.player_stats:player_count:positive (70ms)
[07:17:42] Finished: dataset.player_stats:player_count:not_null (83ms)

==================================================

PASS dataset.player_stats .....


bruin run completed successfully in 132ms

 ✓ Assets executed      1 succeeded
 ✓ Quality checks       5 succeeded
